<?xml version="1.0" encoding="UTF-8"?>
<!-- Generated by org.testng.reporters.JUnitXMLReporter -->
<testsuite hostname="DESKTOP-ADGCHK6" ignored="4" name="Test" tests="4" failures="0" timestamp="2023-09-04T19:09:52 IST" time="56.933" errors="0">
  <testcase name="Rol" time="13.584" classname="com.ebanking.master.RoleNG"/>
  <testcase name="Rol" time="13.615" classname="com.ebanking.master.RoleNG"/>
  <testcase name="Rol" time="13.862" classname="com.ebanking.master.RoleNG"/>
  <testcase name="Br" time="8.767" classname="com.ebanking.master.BranchNg"/>
  <testcase name="@BeforeSuite beforeSuite" time="0.0" classname="com.ebanking.master.Base">
    <ignored/>
  </testcase> <!-- @BeforeSuite beforeSuite -->
  <testcase name="@AfterSuite afterSuite" time="0.0" classname="com.ebanking.master.Base">
    <ignored/>
  </testcase> <!-- @AfterSuite afterSuite -->
  <testcase name="@BeforeTest beforeTest" time="0.0" classname="com.ebanking.master.Base">
    <ignored/>
  </testcase> <!-- @BeforeTest beforeTest -->
  <testcase name="@AfterTest afterTest" time="0.0" classname="com.ebanking.master.Base">
    <ignored/>
  </testcase> <!-- @AfterTest afterTest -->
</testsuite> <!-- Test -->
