<?xml version="1.0" encoding="UTF-8"?>
<testng-results skipped="0" failed="0" ignored="0" total="2" passed="2">
  <reporter-output>
  </reporter-output>
  <suite name="Suite" duration-ms="29145" started-at="2023-09-15T19:09:39 IST" finished-at="2023-09-15T19:10:09 IST">
    <groups>
    </groups>
    <test name="On Chrome" duration-ms="26187" started-at="2023-09-15T19:09:39 IST" finished-at="2023-09-15T19:10:06 IST">
      <class name="com.ebanking.master.Sgrid">
        <test-method status="PASS" signature="Gd(java.lang.String)[pri:0, instance:com.ebanking.master.Sgrid@cb51256]" name="Gd" duration-ms="26106" started-at="2023-09-15T19:09:39 IST" finished-at="2023-09-15T19:10:06 IST">
          <params>
            <param index="0">
              <value>
                <![CDATA[chrome]]>
              </value>
            </param>
          </params>
          <reporter-output>
          </reporter-output>
        </test-method> <!-- Gd -->
      </class> <!-- com.ebanking.master.Sgrid -->
    </test> <!-- On Chrome -->
    <test name="On Firefox" duration-ms="29145" started-at="2023-09-15T19:09:39 IST" finished-at="2023-09-15T19:10:09 IST">
      <class name="com.ebanking.master.Sgrid">
        <test-method status="PASS" signature="Gd(java.lang.String)[pri:0, instance:com.ebanking.master.Sgrid@1f57539]" name="Gd" duration-ms="29070" started-at="2023-09-15T19:09:39 IST" finished-at="2023-09-15T19:10:09 IST">
          <params>
            <param index="0">
              <value>
                <![CDATA[firefox]]>
              </value>
            </param>
          </params>
          <reporter-output>
          </reporter-output>
        </test-method> <!-- Gd -->
      </class> <!-- com.ebanking.master.Sgrid -->
    </test> <!-- On Firefox -->
  </suite> <!-- Suite -->
</testng-results>
